<?xml version="1.0" encoding="UTF-8"?>
<!-- Generated by org.testng.reporters.JUnitReportReporter -->
<testsuite hostname="DESKTOP-FEOO1RA" failures="0" tests="2" name="testCases.TC_002_TableValidation" time="0.049" errors="0" timestamp="2024-09-28T16:57:07 IST" skipped="0">
  <testcase classname="testCases.TC_002_TableValidation" name="tableValidation" time="0.033"/>
  <system-out/>
  <testcase classname="testCases.TC_002_TableValidation" name="tableValidation" time="0.016"/>
  <system-out/>
</testsuite> <!-- testCases.TC_002_TableValidation -->
